0 info it worked if it ends with ok
1 verbose cli [ 'node', '/usr/local/bin/npm', 'i', '--save', 'rasterizeHTML' ]
2 info using npm@1.4.28
3 info using node@v0.10.32
4 verbose readDependencies using package.json deps
5 verbose cache add [ 'rasterizeHTML', null ]
6 verbose cache add name=undefined spec="rasterizeHTML" args=["rasterizeHTML",null]
7 verbose parsed url { protocol: null,
7 verbose parsed url   slashes: null,
7 verbose parsed url   auth: null,
7 verbose parsed url   host: null,
7 verbose parsed url   port: null,
7 verbose parsed url   hostname: null,
7 verbose parsed url   hash: null,
7 verbose parsed url   search: null,
7 verbose parsed url   query: null,
7 verbose parsed url   pathname: 'rasterizeHTML',
7 verbose parsed url   path: 'rasterizeHTML',
7 verbose parsed url   href: 'rasterizeHTML' }
8 silly lockFile 70149188-rasterizeHTML rasterizeHTML
9 verbose lock rasterizeHTML /Users/benrothman/.npm/70149188-rasterizeHTML.lock
10 silly lockFile 70149188-rasterizeHTML rasterizeHTML
11 silly lockFile 70149188-rasterizeHTML rasterizeHTML
12 verbose addNamed [ 'rasterizeHTML', '' ]
13 verbose addNamed [ null, '*' ]
14 silly lockFile 4d3de219-rasterizeHTML rasterizeHTML@
15 verbose lock rasterizeHTML@ /Users/benrothman/.npm/4d3de219-rasterizeHTML.lock
16 silly addNameRange { name: 'rasterizeHTML', range: '*', hasData: false }
17 verbose request where is /rasterizeHTML
18 verbose request registry https://registry.npmjs.org/
19 verbose request id 2b230ef4d014b865
20 verbose url raw /rasterizeHTML
21 verbose url resolving [ 'https://registry.npmjs.org/', './rasterizeHTML' ]
22 verbose url resolved https://registry.npmjs.org/rasterizeHTML
23 verbose request where is https://registry.npmjs.org/rasterizeHTML
24 info trying registry request attempt 1 at 17:56:36
25 http GET https://registry.npmjs.org/rasterizeHTML
26 http 404 https://registry.npmjs.org/rasterizeHTML
27 verbose headers { date: 'Wed, 12 Nov 2014 23:56:36 GMT',
27 verbose headers   server: 'CouchDB/1.5.0 (Erlang OTP/R16B03)',
27 verbose headers   'content-type': 'application/json',
27 verbose headers   'cache-control': 'max-age=0',
27 verbose headers   'content-length': '52',
27 verbose headers   'accept-ranges': 'bytes',
27 verbose headers   via: '1.1 varnish',
27 verbose headers   age: '0',
27 verbose headers   'x-served-by': 'cache-dfw1822-DFW',
27 verbose headers   'x-cache': 'MISS',
27 verbose headers   'x-cache-hits': '0',
27 verbose headers   'x-timer': 'S1415836596.759478,VS0,VE63',
27 verbose headers   'keep-alive': 'timeout=10, max=50',
27 verbose headers   connection: 'Keep-Alive' }
28 silly registry.get cb [ 404,
28 silly registry.get   { date: 'Wed, 12 Nov 2014 23:56:36 GMT',
28 silly registry.get     server: 'CouchDB/1.5.0 (Erlang OTP/R16B03)',
28 silly registry.get     'content-type': 'application/json',
28 silly registry.get     'cache-control': 'max-age=0',
28 silly registry.get     'content-length': '52',
28 silly registry.get     'accept-ranges': 'bytes',
28 silly registry.get     via: '1.1 varnish',
28 silly registry.get     age: '0',
28 silly registry.get     'x-served-by': 'cache-dfw1822-DFW',
28 silly registry.get     'x-cache': 'MISS',
28 silly registry.get     'x-cache-hits': '0',
28 silly registry.get     'x-timer': 'S1415836596.759478,VS0,VE63',
28 silly registry.get     'keep-alive': 'timeout=10, max=50',
28 silly registry.get     connection: 'Keep-Alive' } ]
29 silly lockFile 4d3de219-rasterizeHTML rasterizeHTML@
30 silly lockFile 4d3de219-rasterizeHTML rasterizeHTML@
31 error 404 404 Not Found: rasterizeHTML
31 error 404
31 error 404 'rasterizeHTML' is not in the npm registry.
31 error 404 You should bug the author to publish it
31 error 404 It was specified as a dependency of 'ProgrammingWithAPurpose'
31 error 404
31 error 404 Note that you can also install from a
31 error 404 tarball, folder, or http url, or git url.
32 error System Darwin 14.0.0
33 error command "node" "/usr/local/bin/npm" "i" "--save" "rasterizeHTML"
34 error cwd /Users/benrothman/ProgrammingWithAPurpose/pwap/static/js
35 error node -v v0.10.32
36 error npm -v 1.4.28
37 error code E404
38 verbose exit [ 1, true ]
